Renderer info: NVIDIA GeForce GTX 1060 6GB/PCIe/SSE2 version 4.6.0 NVIDIA 536.23 from NVIDIA Corporation
Depth buffer bits: 24
Multisampling enabled
Adding file system path A:\Game dev\TrenchBroom\defaults\assets
Adding file system path A:\Game dev\TrenchBroom\defaults\assets
Adding file system path A:\Game dev\games\HomeInvasion\qodot_resources\.
Loading document from A:\Game dev\games\HomeInvasion\maps\shopping_center.map
Adding file system path A:\Game dev\TrenchBroom\defaults\assets
Adding file system path A:\Game dev\TrenchBroom\defaults\assets
Adding file system path A:\Game dev\games\HomeInvasion\qodot_resources\.
Adding file system path A:\Game dev\games\HomeInvasion\qodot_resources\textures
No matching super class found for 'Targetname' (line 15, column 13)
No matching super class found for 'Target' (line 15, column 13)
No matching super class found for 'Targetname' (line 19, column 13)
No matching super class found for 'Target' (line 19, column 13)
Loaded entity definition file HomeInvasion.fgd
Loaded texture collection 'textures' in 554ms
Loaded A:\Game dev\games\HomeInvasion\maps\shopping_center.map in 1144ms
updateProposedDragHandles called during a drag
updateProposedDragHandles called during a drag
updateProposedDragHandles called during a drag
updateProposedDragHandles called during a drag
updateProposedDragHandles called during a drag
Saved A:\Game dev\games\HomeInvasion\maps\shopping_center.map in 321ms
Created autosave backup at A:\Game dev\games\HomeInvasion\maps\autosave\shopping_center.16.map
updateProposedDragHandles called during a drag
Reloading texture collections
Loaded texture collection 'textures' in 11ms
Saved A:\Game dev\games\HomeInvasion\maps\shopping_center.map in 21ms
updateProposedDragHandles called during a drag
Created autosave backup at A:\Game dev\games\HomeInvasion\maps\autosave\shopping_center.17.map
Saved A:\Game dev\games\HomeInvasion\maps\shopping_center.map in 23ms
Saved A:\Game dev\games\HomeInvasion\maps\shopping_center.map in 22ms
Saved A:\Game dev\games\HomeInvasion\maps\shopping_center.map in 23ms
Created autosave backup at A:\Game dev\games\HomeInvasion\maps\autosave\shopping_center.18.map
Saved A:\Game dev\games\HomeInvasion\maps\shopping_center.map in 76ms
updateProposedDragHandles called during a drag
Saved A:\Game dev\games\HomeInvasion\maps\shopping_center.map in 25ms
Created autosave backup at A:\Game dev\games\HomeInvasion\maps\autosave\shopping_center.19.map
Reloading texture collections
Loaded texture collection 'textures' in 388ms
Reloading texture collections
Loaded texture collection 'textures' in 12ms
Saved A:\Game dev\games\HomeInvasion\maps\shopping_center.map in 21ms
Could not resize brush: Brush is empty
Could not resize brush: Brush is empty
Could not resize brush: Brush is empty
Could not resize brush: Brush is empty
Could not resize brush: Brush is empty
Could not resize brush: Brush is empty
Could not resize brush: Brush is empty
Reloading texture collections
Loaded texture collection 'textures' in 14ms
Created autosave backup at A:\Game dev\games\HomeInvasion\maps\autosave\shopping_center.20.map
Reloading entity definitions
No matching super class found for 'Targetname' (line 15, column 13)
No matching super class found for 'Target' (line 15, column 13)
No matching super class found for 'Targetname' (line 19, column 13)
No matching super class found for 'Target' (line 19, column 13)
Loaded entity definition file HomeInvasion.fgd
Reloading texture collections
Loaded texture collection 'textures' in 14ms
Reloading entity definitions
No matching super class found for 'Targetname' (line 15, column 13)
No matching super class found for 'Target' (line 15, column 13)
No matching super class found for 'Targetname' (line 19, column 13)
No matching super class found for 'Target' (line 19, column 13)
Loaded entity definition file HomeInvasion.fgd
Reloading texture collections
Loaded texture collection 'textures' in 13ms
Reloading texture collections
Loaded texture collection 'textures' in 14ms
Reloading entity definitions
No matching super class found for 'Targetname' (line 15, column 13)
No matching super class found for 'Target' (line 15, column 13)
No matching super class found for 'Targetname' (line 19, column 13)
No matching super class found for 'Target' (line 19, column 13)
Loaded entity definition file HomeInvasion.fgd
Reloading texture collections
Loaded texture collection 'textures' in 14ms
Saved A:\Game dev\games\HomeInvasion\maps\shopping_center.map in 23ms
Saved A:\Game dev\games\HomeInvasion\maps\shopping_center.map in 22ms
Reloading entity definitions
No matching super class found for 'Targetname' (line 15, column 13)
No matching super class found for 'Target' (line 15, column 13)
No matching super class found for 'Targetname' (line 19, column 13)
No matching super class found for 'Target' (line 19, column 13)
Loaded entity definition file HomeInvasion.fgd
Created autosave backup at A:\Game dev\games\HomeInvasion\maps\autosave\shopping_center.21.map
Saved A:\Game dev\games\HomeInvasion\maps\shopping_center.map in 42ms
Saved A:\Game dev\games\HomeInvasion\maps\shopping_center.map in 19ms
Saved A:\Game dev\games\HomeInvasion\maps\shopping_center.map in 21ms
Saved A:\Game dev\games\HomeInvasion\maps\shopping_center.map in 21ms
Saved A:\Game dev\games\HomeInvasion\maps\shopping_center.map in 29ms
Saved A:\Game dev\games\HomeInvasion\maps\shopping_center.map in 31ms
Saved A:\Game dev\games\HomeInvasion\maps\shopping_center.map in 28ms
Saved A:\Game dev\games\HomeInvasion\maps\shopping_center.map in 41ms
updateProposedDragHandles called during a drag
updateProposedDragHandles called during a drag
updateProposedDragHandles called during a drag
Saved A:\Game dev\games\HomeInvasion\maps\shopping_center.map in 28ms
Saved A:\Game dev\games\HomeInvasion\maps\shopping_center.map in 51ms
Saved A:\Game dev\games\HomeInvasion\maps\shopping_center.map in 24ms
Saved A:\Game dev\games\HomeInvasion\maps\shopping_center.map in 23ms
Saved A:\Game dev\games\HomeInvasion\maps\shopping_center.map in 22ms
Saved A:\Game dev\games\HomeInvasion\maps\shopping_center.map in 23ms
Saved A:\Game dev\games\HomeInvasion\maps\shopping_center.map in 25ms
Saved A:\Game dev\games\HomeInvasion\maps\shopping_center.map in 32ms
Saved A:\Game dev\games\HomeInvasion\maps\shopping_center.map in 29ms
Saved A:\Game dev\games\HomeInvasion\maps\shopping_center.map in 25ms
Saved A:\Game dev\games\HomeInvasion\maps\shopping_center.map in 21ms
Saved A:\Game dev\games\HomeInvasion\maps\shopping_center.map in 20ms
Saved A:\Game dev\games\HomeInvasion\maps\shopping_center.map in 26ms
Saved A:\Game dev\games\HomeInvasion\maps\shopping_center.map in 19ms
Reloading entity definitions
No matching super class found for 'Targetname' (line 15, column 13)
No matching super class found for 'Target' (line 15, column 13)
No matching super class found for 'Targetname' (line 19, column 13)
No matching super class found for 'Target' (line 19, column 13)
Loaded entity definition file HomeInvasion.fgd
Saved A:\Game dev\games\HomeInvasion\maps\shopping_center.map in 26ms
Saved A:\Game dev\games\HomeInvasion\maps\shopping_center.map in 22ms
Could not resize brush: Brush has invalid face
Saved A:\Game dev\games\HomeInvasion\maps\shopping_center.map in 25ms
Saved A:\Game dev\games\HomeInvasion\maps\shopping_center.map in 25ms
Saved A:\Game dev\games\HomeInvasion\maps\shopping_center.map in 25ms
Saved A:\Game dev\games\HomeInvasion\maps\shopping_center.map in 28ms
Saved A:\Game dev\games\HomeInvasion\maps\shopping_center.map in 29ms
